<?xml version="1.0" encoding="UTF-8"?>
<testng-results skipped="0" failed="0" total="1" passed="1">
  <reporter-output>
  </reporter-output>
  <suite name="Default suite" duration-ms="33" started-at="2019-03-31T16:17:31Z" finished-at="2019-03-31T16:17:31Z">
    <groups>
    </groups>
    <test name="Default test" duration-ms="33" started-at="2019-03-31T16:17:31Z" finished-at="2019-03-31T16:17:31Z">
      <class name="test1.TryAndCatch">
        <test-method status="PASS" signature="trycatch()[pri:0, instance:test1.TryAndCatch@71e7a66b]" name="trycatch" duration-ms="24" started-at="2019-03-31T12:17:31Z" finished-at="2019-03-31T12:17:31Z">
          <reporter-output>
          </reporter-output>
        </test-method> <!-- trycatch -->
      </class> <!-- test1.TryAndCatch -->
    </test> <!-- Default test -->
  </suite> <!-- Default suite -->
</testng-results>
