<?xml version="1.0" encoding="UTF-8"?>
<testng-results skipped="0" failed="0" total="1" passed="1">
  <reporter-output>
  </reporter-output>
  <suite name="Default suite" duration-ms="10393" started-at="2019-03-24T16:55:01Z" finished-at="2019-03-24T16:55:11Z">
    <groups>
    </groups>
    <test name="Default test" duration-ms="10393" started-at="2019-03-24T16:55:01Z" finished-at="2019-03-24T16:55:11Z">
      <class name="test1.PracticewithJakya">
        <test-method status="PASS" signature="practicewithJkya()[pri:0, instance:test1.PracticewithJakya@64c64813]" name="practicewithJkya" duration-ms="10347" started-at="2019-03-24T12:55:01Z" finished-at="2019-03-24T12:55:11Z">
          <reporter-output>
          </reporter-output>
        </test-method> <!-- practicewithJkya -->
      </class> <!-- test1.PracticewithJakya -->
    </test> <!-- Default test -->
  </suite> <!-- Default suite -->
</testng-results>
